<?xml version="1.0" encoding="UTF-8"?>
<coverage generated="1752794221423" clover="3.2.0">
  <project timestamp="1752794221423" name="All files">
    <metrics statements="125" coveredstatements="124" conditionals="56" coveredconditionals="53" methods="31" coveredmethods="31" elements="212" coveredelements="208" complexity="0" loc="125" ncloc="125" packages="1" files="8" classes="8"/>
    <file name="Card.ts" path="C:\Users\nahue\Desktop\pruebas-app\src\game\Card.ts">
      <metrics statements="35" coveredstatements="34" conditionals="44" coveredconditionals="42" methods="6" coveredmethods="6"/>
      <line num="1" count="6" type="cond" truecount="2" falsecount="0"/>
      <line num="2" count="6" type="stmt"/>
      <line num="3" count="6" type="stmt"/>
      <line num="4" count="6" type="stmt"/>
      <line num="5" count="6" type="stmt"/>
      <line num="8" count="6" type="cond" truecount="2" falsecount="0"/>
      <line num="9" count="6" type="stmt"/>
      <line num="10" count="6" type="stmt"/>
      <line num="11" count="6" type="stmt"/>
      <line num="12" count="6" type="stmt"/>
      <line num="13" count="6" type="stmt"/>
      <line num="14" count="6" type="stmt"/>
      <line num="15" count="6" type="stmt"/>
      <line num="16" count="6" type="stmt"/>
      <line num="17" count="6" type="stmt"/>
      <line num="18" count="6" type="stmt"/>
      <line num="21" count="6" type="stmt"/>
      <line num="26" count="543" type="stmt"/>
      <line num="27" count="543" type="stmt"/>
      <line num="31" count="14" type="stmt"/>
      <line num="36" count="12" type="cond" truecount="4" falsecount="0"/>
      <line num="37" count="11" type="cond" truecount="4" falsecount="0"/>
      <line num="38" count="10" type="cond" truecount="4" falsecount="0"/>
      <line num="39" count="9" type="cond" truecount="4" falsecount="0"/>
      <line num="40" count="8" type="cond" truecount="2" falsecount="0"/>
      <line num="41" count="7" type="cond" truecount="2" falsecount="0"/>
      <line num="42" count="6" type="cond" truecount="4" falsecount="1"/>
      <line num="43" count="5" type="cond" truecount="2" falsecount="0"/>
      <line num="44" count="4" type="cond" truecount="5" falsecount="0"/>
      <line num="45" count="3" type="cond" truecount="2" falsecount="0"/>
      <line num="46" count="2" type="cond" truecount="2" falsecount="0"/>
      <line num="47" count="1" type="cond" truecount="1" falsecount="1"/>
      <line num="48" count="0" type="stmt"/>
      <line num="52" count="5" type="cond" truecount="2" falsecount="0"/>
      <line num="53" count="2" type="stmt"/>
    </file>
    <file name="Deck.ts" path="C:\Users\nahue\Desktop\pruebas-app\src\game\Deck.ts">
      <metrics statements="21" coveredstatements="21" conditionals="2" coveredconditionals="2" methods="4" coveredmethods="4"/>
      <line num="1" count="3" type="stmt"/>
      <line num="3" count="3" type="stmt"/>
      <line num="4" count="8" type="stmt"/>
      <line num="7" count="8" type="stmt"/>
      <line num="11" count="13" type="stmt"/>
      <line num="12" count="13" type="stmt"/>
      <line num="15" count="13" type="stmt"/>
      <line num="16" count="13" type="stmt"/>
      <line num="17" count="52" type="stmt"/>
      <line num="18" count="520" type="stmt"/>
      <line num="24" count="10" type="stmt"/>
      <line num="25" count="390" type="stmt"/>
      <line num="26" count="390" type="stmt"/>
      <line num="31" count="7" type="cond" truecount="2" falsecount="0"/>
      <line num="32" count="1" type="stmt"/>
      <line num="34" count="6" type="stmt"/>
      <line num="35" count="6" type="stmt"/>
      <line num="36" count="6" type="stmt"/>
      <line num="37" count="14" type="stmt"/>
      <line num="39" count="6" type="stmt"/>
      <line num="40" count="6" type="stmt"/>
    </file>
    <file name="Game.ts" path="C:\Users\nahue\Desktop\pruebas-app\src\game\Game.ts">
      <metrics statements="7" coveredstatements="7" conditionals="0" coveredconditionals="0" methods="2" coveredmethods="2"/>
      <line num="6" count="2" type="stmt"/>
      <line num="14" count="4" type="stmt"/>
      <line num="15" count="4" type="stmt"/>
      <line num="16" count="4" type="stmt"/>
      <line num="17" count="4" type="stmt"/>
      <line num="18" count="8" type="stmt"/>
      <line num="19" count="4" type="stmt"/>
    </file>
    <file name="GameEngine.ts" path="C:\Users\nahue\Desktop\pruebas-app\src\game\GameEngine.ts">
      <metrics statements="30" coveredstatements="30" conditionals="2" coveredconditionals="2" methods="6" coveredmethods="6"/>
      <line num="1" count="1" type="stmt"/>
      <line num="2" count="1" type="stmt"/>
      <line num="3" count="1" type="stmt"/>
      <line num="4" count="1" type="stmt"/>
      <line num="5" count="1" type="stmt"/>
      <line num="6" count="1" type="stmt"/>
      <line num="8" count="1" type="stmt"/>
      <line num="10" count="3" type="stmt"/>
      <line num="14" count="3" type="stmt"/>
      <line num="15" count="3" type="stmt"/>
      <line num="16" count="3" type="stmt"/>
      <line num="17" count="3" type="stmt"/>
      <line num="18" count="6" type="cond" truecount="2" falsecount="0"/>
      <line num="19" count="6" type="stmt"/>
      <line num="20" count="6" type="stmt"/>
      <line num="21" count="6" type="stmt"/>
      <line num="23" count="3" type="stmt"/>
      <line num="24" count="3" type="stmt"/>
      <line num="25" count="3" type="stmt"/>
      <line num="26" count="3" type="stmt"/>
      <line num="27" count="3" type="stmt"/>
      <line num="28" count="3" type="stmt"/>
      <line num="32" count="4" type="stmt"/>
      <line num="33" count="4" type="stmt"/>
      <line num="35" count="4" type="stmt"/>
      <line num="36" count="8" type="stmt"/>
      <line num="38" count="4" type="stmt"/>
      <line num="39" count="4" type="stmt"/>
      <line num="43" count="3" type="stmt"/>
      <line num="47" count="2" type="stmt"/>
    </file>
    <file name="Hand.ts" path="C:\Users\nahue\Desktop\pruebas-app\src\game\Hand.ts">
      <metrics statements="8" coveredstatements="8" conditionals="4" coveredconditionals="3" methods="6" coveredmethods="6"/>
      <line num="4" count="4" type="stmt"/>
      <line num="5" count="10" type="stmt"/>
      <line num="6" count="10" type="stmt"/>
      <line num="9" count="20" type="stmt"/>
      <line num="13" count="2" type="stmt"/>
      <line num="17" count="1" type="stmt"/>
      <line num="21" count="3" type="cond" truecount="2" falsecount="0"/>
      <line num="25" count="2" type="cond" truecount="1" falsecount="1"/>
    </file>
    <file name="Player.ts" path="C:\Users\nahue\Desktop\pruebas-app\src\game\Player.ts">
      <metrics statements="5" coveredstatements="5" conditionals="0" coveredconditionals="0" methods="2" coveredmethods="2"/>
      <line num="4" count="5" type="stmt"/>
      <line num="6" count="15" type="stmt"/>
      <line num="10" count="15" type="stmt"/>
      <line num="11" count="15" type="stmt"/>
      <line num="15" count="9" type="stmt"/>
    </file>
    <file name="Team.ts" path="C:\Users\nahue\Desktop\pruebas-app\src\game\Team.ts">
      <metrics statements="4" coveredstatements="4" conditionals="0" coveredconditionals="0" methods="2" coveredmethods="2"/>
      <line num="3" count="5" type="stmt"/>
      <line num="5" count="12" type="stmt"/>
      <line num="8" count="12" type="stmt"/>
      <line num="12" count="10" type="stmt"/>
    </file>
    <file name="TrucoState.ts" path="C:\Users\nahue\Desktop\pruebas-app\src\game\TrucoState.ts">
      <metrics statements="15" coveredstatements="15" conditionals="4" coveredconditionals="4" methods="3" coveredmethods="3"/>
      <line num="3" count="3" type="cond" truecount="2" falsecount="0"/>
      <line num="4" count="3" type="stmt"/>
      <line num="5" count="3" type="stmt"/>
      <line num="6" count="3" type="stmt"/>
      <line num="7" count="3" type="stmt"/>
      <line num="10" count="3" type="cond" truecount="2" falsecount="0"/>
      <line num="11" count="3" type="stmt"/>
      <line num="12" count="3" type="stmt"/>
      <line num="13" count="3" type="stmt"/>
      <line num="14" count="3" type="stmt"/>
      <line num="17" count="3" type="stmt"/>
      <line num="18" count="10" type="stmt"/>
      <line num="19" count="10" type="stmt"/>
      <line num="21" count="10" type="stmt"/>
      <line num="24" count="10" type="stmt"/>
    </file>
  </project>
</coverage>
