{"C:\\Users\\nahue\\Desktop\\pruebas-app\\src\\game\\Card.ts": {"path":"C:\\Users\\nahue\\Desktop\\pruebas-app\\src\\game\\Card.ts","statementMap":{"0":{"start":{"line":1,"column":0},"end":{"line":1,"column":null}},"1":{"start":{"line":2,"column":2},"end":{"line":2,"column":null}},"2":{"start":{"line":3,"column":2},"end":{"line":3,"column":null}},"3":{"start":{"line":4,"column":2},"end":{"line":4,"column":null}},"4":{"start":{"line":5,"column":2},"end":{"line":5,"column":null}},"5":{"start":{"line":8,"column":0},"end":{"line":8,"column":null}},"6":{"start":{"line":9,"column":2},"end":{"line":9,"column":null}},"7":{"start":{"line":10,"column":2},"end":{"line":10,"column":null}},"8":{"start":{"line":11,"column":2},"end":{"line":11,"column":null}},"9":{"start":{"line":12,"column":2},"end":{"line":12,"column":null}},"10":{"start":{"line":13,"column":2},"end":{"line":13,"column":null}},"11":{"start":{"line":14,"column":2},"end":{"line":14,"column":null}},"12":{"start":{"line":15,"column":2},"end":{"line":15,"column":null}},"13":{"start":{"line":16,"column":2},"end":{"line":16,"column":null}},"14":{"start":{"line":17,"column":2},"end":{"line":17,"column":null}},"15":{"start":{"line":18,"column":2},"end":{"line":18,"column":null}},"16":{"start":{"line":26,"column":4},"end":{"line":26,"column":21}},"17":{"start":{"line":27,"column":4},"end":{"line":27,"column":21}},"18":{"start":{"line":31,"column":4},"end":{"line":31,"column":42}},"19":{"start":{"line":36,"column":4},"end":{"line":36,"column":71}},"20":{"start":{"line":36,"column":61},"end":{"line":36,"column":71}},"21":{"start":{"line":37,"column":4},"end":{"line":37,"column":70}},"22":{"start":{"line":37,"column":60},"end":{"line":37,"column":70}},"23":{"start":{"line":38,"column":4},"end":{"line":38,"column":73}},"24":{"start":{"line":38,"column":63},"end":{"line":38,"column":73}},"25":{"start":{"line":39,"column":4},"end":{"line":39,"column":72}},"26":{"start":{"line":39,"column":62},"end":{"line":39,"column":72}},"27":{"start":{"line":40,"column":4},"end":{"line":40,"column":44}},"28":{"start":{"line":40,"column":34},"end":{"line":40,"column":44}},"29":{"start":{"line":41,"column":4},"end":{"line":41,"column":41}},"30":{"start":{"line":41,"column":32},"end":{"line":41,"column":41}},"31":{"start":{"line":42,"column":4},"end":{"line":42,"column":98}},"32":{"start":{"line":42,"column":89},"end":{"line":42,"column":98}},"33":{"start":{"line":43,"column":4},"end":{"line":43,"column":75}},"34":{"start":{"line":43,"column":66},"end":{"line":43,"column":75}},"35":{"start":{"line":44,"column":4},"end":{"line":44,"column":100}},"36":{"start":{"line":44,"column":91},"end":{"line":44,"column":100}},"37":{"start":{"line":45,"column":4},"end":{"line":45,"column":41}},"38":{"start":{"line":45,"column":32},"end":{"line":45,"column":41}},"39":{"start":{"line":46,"column":4},"end":{"line":46,"column":42}},"40":{"start":{"line":46,"column":33},"end":{"line":46,"column":42}},"41":{"start":{"line":47,"column":4},"end":{"line":47,"column":42}},"42":{"start":{"line":47,"column":33},"end":{"line":47,"column":42}},"43":{"start":{"line":48,"column":4},"end":{"line":48,"column":13}},"44":{"start":{"line":52,"column":4},"end":{"line":52,"column":75}},"45":{"start":{"line":52,"column":66},"end":{"line":52,"column":75}},"46":{"start":{"line":53,"column":4},"end":{"line":53,"column":21}},"47":{"start":{"line":21,"column":0},"end":{"line":21,"column":13}}},"fnMap":{"0":{"name":"(anonymous_0)","decl":{"start":{"line":1,"column":0},"end":{"line":1,"column":12}},"loc":{"start":{"line":1,"column":16},"end":{"line":6,"column":1}}},"1":{"name":"(anonymous_1)","decl":{"start":{"line":8,"column":0},"end":{"line":8,"column":12}},"loc":{"start":{"line":8,"column":16},"end":{"line":19,"column":1}}},"2":{"name":"(anonymous_2)","decl":{"start":{"line":25,"column":2},"end":{"line":25,"column":14}},"loc":{"start":{"line":25,"column":36},"end":{"line":28,"column":3}}},"3":{"name":"(anonymous_3)","decl":{"start":{"line":30,"column":2},"end":{"line":30,"column":10}},"loc":{"start":{"line":30,"column":10},"end":{"line":32,"column":3}}},"4":{"name":"(anonymous_4)","decl":{"start":{"line":35,"column":2},"end":{"line":35,"column":8}},"loc":{"start":{"line":35,"column":30},"end":{"line":49,"column":3}}},"5":{"name":"(anonymous_5)","decl":{"start":{"line":51,"column":2},"end":{"line":51,"column":8}},"loc":{"start":{"line":51,"column":31},"end":{"line":54,"column":3}}}},"branchMap":{"0":{"loc":{"start":{"line":1,"column":12},"end":{"line":1,"column":null}},"type":"binary-expr","locations":[{"start":{"line":1,"column":12},"end":{"line":1,"column":16}},{"start":{"line":1,"column":16},"end":{"line":1,"column":null}}]},"1":{"loc":{"start":{"line":8,"column":12},"end":{"line":8,"column":null}},"type":"binary-expr","locations":[{"start":{"line":8,"column":12},"end":{"line":8,"column":16}},{"start":{"line":8,"column":16},"end":{"line":8,"column":null}}]},"2":{"loc":{"start":{"line":36,"column":4},"end":{"line":36,"column":71}},"type":"if","locations":[{"start":{"line":36,"column":4},"end":{"line":36,"column":71}},{"start":{},"end":{}}]},"3":{"loc":{"start":{"line":36,"column":8},"end":{"line":36,"column":59}},"type":"binary-expr","locations":[{"start":{"line":36,"column":8},"end":{"line":36,"column":30}},{"start":{"line":36,"column":34},"end":{"line":36,"column":59}}]},"4":{"loc":{"start":{"line":37,"column":4},"end":{"line":37,"column":70}},"type":"if","locations":[{"start":{"line":37,"column":4},"end":{"line":37,"column":70}},{"start":{},"end":{}}]},"5":{"loc":{"start":{"line":37,"column":8},"end":{"line":37,"column":58}},"type":"binary-expr","locations":[{"start":{"line":37,"column":8},"end":{"line":37,"column":30}},{"start":{"line":37,"column":34},"end":{"line":37,"column":58}}]},"6":{"loc":{"start":{"line":38,"column":4},"end":{"line":38,"column":73}},"type":"if","locations":[{"start":{"line":38,"column":4},"end":{"line":38,"column":73}},{"start":{},"end":{}}]},"7":{"loc":{"start":{"line":38,"column":8},"end":{"line":38,"column":61}},"type":"binary-expr","locations":[{"start":{"line":38,"column":8},"end":{"line":38,"column":32}},{"start":{"line":38,"column":36},"end":{"line":38,"column":61}}]},"8":{"loc":{"start":{"line":39,"column":4},"end":{"line":39,"column":72}},"type":"if","locations":[{"start":{"line":39,"column":4},"end":{"line":39,"column":72}},{"start":{},"end":{}}]},"9":{"loc":{"start":{"line":39,"column":8},"end":{"line":39,"column":60}},"type":"binary-expr","locations":[{"start":{"line":39,"column":8},"end":{"line":39,"column":32}},{"start":{"line":39,"column":36},"end":{"line":39,"column":60}}]},"10":{"loc":{"start":{"line":40,"column":4},"end":{"line":40,"column":44}},"type":"if","locations":[{"start":{"line":40,"column":4},"end":{"line":40,"column":44}},{"start":{},"end":{}}]},"11":{"loc":{"start":{"line":41,"column":4},"end":{"line":41,"column":41}},"type":"if","locations":[{"start":{"line":41,"column":4},"end":{"line":41,"column":41}},{"start":{},"end":{}}]},"12":{"loc":{"start":{"line":42,"column":4},"end":{"line":42,"column":98}},"type":"if","locations":[{"start":{"line":42,"column":4},"end":{"line":42,"column":98}},{"start":{},"end":{}}]},"13":{"loc":{"start":{"line":42,"column":8},"end":{"line":42,"column":87}},"type":"binary-expr","locations":[{"start":{"line":42,"column":8},"end":{"line":42,"column":30}},{"start":{"line":42,"column":35},"end":{"line":42,"column":58}},{"start":{"line":42,"column":62},"end":{"line":42,"column":86}}]},"14":{"loc":{"start":{"line":43,"column":4},"end":{"line":43,"column":75}},"type":"if","locations":[{"start":{"line":43,"column":4},"end":{"line":43,"column":75}},{"start":{},"end":{}}]},"15":{"loc":{"start":{"line":44,"column":4},"end":{"line":44,"column":100}},"type":"if","locations":[{"start":{"line":44,"column":4},"end":{"line":44,"column":100}},{"start":{},"end":{}}]},"16":{"loc":{"start":{"line":44,"column":8},"end":{"line":44,"column":89}},"type":"binary-expr","locations":[{"start":{"line":44,"column":8},"end":{"line":44,"column":32}},{"start":{"line":44,"column":37},"end":{"line":44,"column":60}},{"start":{"line":44,"column":64},"end":{"line":44,"column":88}}]},"17":{"loc":{"start":{"line":45,"column":4},"end":{"line":45,"column":41}},"type":"if","locations":[{"start":{"line":45,"column":4},"end":{"line":45,"column":41}},{"start":{},"end":{}}]},"18":{"loc":{"start":{"line":46,"column":4},"end":{"line":46,"column":42}},"type":"if","locations":[{"start":{"line":46,"column":4},"end":{"line":46,"column":42}},{"start":{},"end":{}}]},"19":{"loc":{"start":{"line":47,"column":4},"end":{"line":47,"column":42}},"type":"if","locations":[{"start":{"line":47,"column":4},"end":{"line":47,"column":42}},{"start":{},"end":{}}]},"20":{"loc":{"start":{"line":52,"column":4},"end":{"line":52,"column":75}},"type":"if","locations":[{"start":{"line":52,"column":4},"end":{"line":52,"column":75}},{"start":{},"end":{}}]}},"s":{"0":6,"1":6,"2":6,"3":6,"4":6,"5":6,"6":6,"7":6,"8":6,"9":6,"10":6,"11":6,"12":6,"13":6,"14":6,"15":6,"16":543,"17":543,"18":14,"19":12,"20":1,"21":11,"22":1,"23":10,"24":1,"25":9,"26":1,"27":8,"28":1,"29":7,"30":1,"31":6,"32":1,"33":5,"34":1,"35":4,"36":1,"37":3,"38":1,"39":2,"40":1,"41":1,"42":1,"43":0,"44":5,"45":3,"46":2,"47":6},"f":{"0":6,"1":6,"2":543,"3":14,"4":12,"5":5},"b":{"0":[6,6],"1":[6,6],"2":[1,11],"3":[12,3],"4":[1,10],"5":[11,2],"6":[1,9],"7":[10,3],"8":[1,8],"9":[9,2],"10":[1,7],"11":[1,6],"12":[1,5],"13":[6,1,0],"14":[1,4],"15":[1,3],"16":[4,1,1],"17":[1,2],"18":[1,1],"19":[1,0],"20":[3,2]}}
,"C:\\Users\\nahue\\Desktop\\pruebas-app\\src\\game\\Deck.ts": {"path":"C:\\Users\\nahue\\Desktop\\pruebas-app\\src\\game\\Deck.ts","statementMap":{"0":{"start":{"line":1,"column":0},"end":{"line":1,"column":42}},"1":{"start":{"line":4,"column":2},"end":{"line":4,"column":21}},"2":{"start":{"line":7,"column":4},"end":{"line":7,"column":17}},"3":{"start":{"line":11,"column":4},"end":{"line":11,"column":20}},"4":{"start":{"line":12,"column":18},"end":{"line":14,"column":6}},"5":{"start":{"line":15,"column":18},"end":{"line":15,"column":66}},"6":{"start":{"line":16,"column":4},"end":{"line":20,"column":5}},"7":{"start":{"line":17,"column":6},"end":{"line":19,"column":7}},"8":{"start":{"line":18,"column":8},"end":{"line":18,"column":46}},"9":{"start":{"line":24,"column":4},"end":{"line":27,"column":5}},"10":{"start":{"line":24,"column":17},"end":{"line":24,"column":38}},"11":{"start":{"line":25,"column":16},"end":{"line":25,"column":51}},"12":{"start":{"line":26,"column":6},"end":{"line":26,"column":70}},"13":{"start":{"line":31,"column":4},"end":{"line":33,"column":5}},"14":{"start":{"line":32,"column":6},"end":{"line":32,"column":65}},"15":{"start":{"line":34,"column":4},"end":{"line":34,"column":19}},"16":{"start":{"line":35,"column":28},"end":{"line":35,"column":30}},"17":{"start":{"line":36,"column":4},"end":{"line":38,"column":5}},"18":{"start":{"line":36,"column":17},"end":{"line":36,"column":18}},"19":{"start":{"line":37,"column":6},"end":{"line":37,"column":81}},"20":{"start":{"line":39,"column":4},"end":{"line":39,"column":63}},"21":{"start":{"line":40,"column":4},"end":{"line":40,"column":17}},"22":{"start":{"line":3,"column":0},"end":{"line":3,"column":13}}},"fnMap":{"0":{"name":"(anonymous_0)","decl":{"start":{"line":6,"column":2},"end":{"line":6,"column":null}},"loc":{"start":{"line":6,"column":2},"end":{"line":8,"column":3}}},"1":{"name":"(anonymous_1)","decl":{"start":{"line":10,"column":2},"end":{"line":10,"column":7}},"loc":{"start":{"line":10,"column":7},"end":{"line":21,"column":3}}},"2":{"name":"(anonymous_2)","decl":{"start":{"line":23,"column":2},"end":{"line":23,"column":9}},"loc":{"start":{"line":23,"column":9},"end":{"line":28,"column":3}}},"3":{"name":"(anonymous_3)","decl":{"start":{"line":30,"column":2},"end":{"line":30,"column":6}},"loc":{"start":{"line":30,"column":49},"end":{"line":41,"column":3}}}},"branchMap":{"0":{"loc":{"start":{"line":31,"column":4},"end":{"line":33,"column":5}},"type":"if","locations":[{"start":{"line":31,"column":4},"end":{"line":33,"column":5}},{"start":{},"end":{}}]}},"s":{"0":3,"1":8,"2":8,"3":13,"4":13,"5":13,"6":13,"7":52,"8":520,"9":10,"10":10,"11":390,"12":390,"13":7,"14":1,"15":6,"16":6,"17":6,"18":6,"19":14,"20":6,"21":6,"22":3},"f":{"0":8,"1":13,"2":10,"3":7},"b":{"0":[1,6]}}
,"C:\\Users\\nahue\\Desktop\\pruebas-app\\src\\game\\Game.ts": {"path":"C:\\Users\\nahue\\Desktop\\pruebas-app\\src\\game\\Game.ts","statementMap":{"0":{"start":{"line":14,"column":4},"end":{"line":14,"column":27}},"1":{"start":{"line":15,"column":4},"end":{"line":15,"column":23}},"2":{"start":{"line":16,"column":4},"end":{"line":16,"column":21}},"3":{"start":{"line":17,"column":4},"end":{"line":17,"column":27}},"4":{"start":{"line":18,"column":4},"end":{"line":18,"column":45}},"5":{"start":{"line":18,"column":23},"end":{"line":18,"column":43}},"6":{"start":{"line":19,"column":4},"end":{"line":19,"column":33}},"7":{"start":{"line":6,"column":0},"end":{"line":6,"column":13}}},"fnMap":{"0":{"name":"(anonymous_0)","decl":{"start":{"line":13,"column":2},"end":{"line":13,"column":14}},"loc":{"start":{"line":13,"column":82},"end":{"line":20,"column":3}}},"1":{"name":"(anonymous_1)","decl":{"start":{"line":18,"column":18},"end":{"line":18,"column":19}},"loc":{"start":{"line":18,"column":23},"end":{"line":18,"column":43}}}},"branchMap":{},"s":{"0":4,"1":4,"2":4,"3":4,"4":4,"5":8,"6":4,"7":2},"f":{"0":4,"1":8},"b":{}}
,"C:\\Users\\nahue\\Desktop\\pruebas-app\\src\\game\\GameEngine.ts": {"path":"C:\\Users\\nahue\\Desktop\\pruebas-app\\src\\game\\GameEngine.ts","statementMap":{"0":{"start":{"line":1,"column":0},"end":{"line":1,"column":30}},"1":{"start":{"line":2,"column":0},"end":{"line":2,"column":34}},"2":{"start":{"line":3,"column":0},"end":{"line":3,"column":30}},"3":{"start":{"line":4,"column":0},"end":{"line":4,"column":30}},"4":{"start":{"line":5,"column":0},"end":{"line":5,"column":30}},"5":{"start":{"line":6,"column":0},"end":{"line":6,"column":67}},"6":{"start":{"line":10,"column":2},"end":{"line":10,"column":26}},"7":{"start":{"line":14,"column":18},"end":{"line":14,"column":31}},"8":{"start":{"line":15,"column":18},"end":{"line":15,"column":31}},"9":{"start":{"line":16,"column":30},"end":{"line":16,"column":32}},"10":{"start":{"line":17,"column":4},"end":{"line":22,"column":7}},"11":{"start":{"line":18,"column":19},"end":{"line":18,"column":46}},"12":{"start":{"line":19,"column":21},"end":{"line":19,"column":41}},"13":{"start":{"line":20,"column":6},"end":{"line":20,"column":29}},"14":{"start":{"line":21,"column":6},"end":{"line":21,"column":27}},"15":{"start":{"line":23,"column":18},"end":{"line":23,"column":32}},"16":{"start":{"line":24,"column":17},"end":{"line":24,"column":27}},"17":{"start":{"line":25,"column":17},"end":{"line":25,"column":34}},"18":{"start":{"line":26,"column":23},"end":{"line":26,"column":43}},"19":{"start":{"line":27,"column":4},"end":{"line":27,"column":59}},"20":{"start":{"line":28,"column":4},"end":{"line":28,"column":21}},"21":{"start":{"line":32,"column":4},"end":{"line":32,"column":27}},"22":{"start":{"line":33,"column":4},"end":{"line":33,"column":29}},"23":{"start":{"line":35,"column":18},"end":{"line":35,"column":66}},"24":{"start":{"line":36,"column":4},"end":{"line":36,"column":61}},"25":{"start":{"line":36,"column":40},"end":{"line":36,"column":59}},"26":{"start":{"line":38,"column":4},"end":{"line":38,"column":71}},"27":{"start":{"line":39,"column":4},"end":{"line":39,"column":73}},"28":{"start":{"line":43,"column":4},"end":{"line":43,"column":62}},"29":{"start":{"line":47,"column":4},"end":{"line":47,"column":103}},"30":{"start":{"line":8,"column":0},"end":{"line":8,"column":13}}},"fnMap":{"0":{"name":"(anonymous_0)","decl":{"start":{"line":12,"column":2},"end":{"line":12,"column":14}},"loc":{"start":{"line":12,"column":33},"end":{"line":29,"column":3}}},"1":{"name":"(anonymous_1)","decl":{"start":{"line":17,"column":22},"end":{"line":17,"column":23}},"loc":{"start":{"line":17,"column":32},"end":{"line":22,"column":5}}},"2":{"name":"(anonymous_2)","decl":{"start":{"line":31,"column":2},"end":{"line":31,"column":11}},"loc":{"start":{"line":31,"column":11},"end":{"line":40,"column":3}}},"3":{"name":"(anonymous_3)","decl":{"start":{"line":36,"column":30},"end":{"line":36,"column":31}},"loc":{"start":{"line":36,"column":40},"end":{"line":36,"column":59}}},"4":{"name":"(anonymous_4)","decl":{"start":{"line":42,"column":2},"end":{"line":42,"column":18}},"loc":{"start":{"line":42,"column":18},"end":{"line":44,"column":3}}},"5":{"name":"(anonymous_5)","decl":{"start":{"line":46,"column":2},"end":{"line":46,"column":10}},"loc":{"start":{"line":46,"column":10},"end":{"line":48,"column":3}}}},"branchMap":{"0":{"loc":{"start":{"line":18,"column":19},"end":{"line":18,"column":46}},"type":"cond-expr","locations":[{"start":{"line":18,"column":33},"end":{"line":18,"column":38}},{"start":{"line":18,"column":41},"end":{"line":18,"column":46}}]}},"s":{"0":1,"1":1,"2":1,"3":1,"4":1,"5":1,"6":3,"7":3,"8":3,"9":3,"10":3,"11":6,"12":6,"13":6,"14":6,"15":3,"16":3,"17":3,"18":3,"19":3,"20":3,"21":4,"22":4,"23":4,"24":4,"25":8,"26":4,"27":4,"28":3,"29":2,"30":1},"f":{"0":3,"1":6,"2":4,"3":8,"4":3,"5":2},"b":{"0":[3,3]}}
,"C:\\Users\\nahue\\Desktop\\pruebas-app\\src\\game\\Hand.ts": {"path":"C:\\Users\\nahue\\Desktop\\pruebas-app\\src\\game\\Hand.ts","statementMap":{"0":{"start":{"line":5,"column":2},"end":{"line":5,"column":59}},"1":{"start":{"line":6,"column":2},"end":{"line":6,"column":40}},"2":{"start":{"line":9,"column":4},"end":{"line":9,"column":46}},"3":{"start":{"line":9,"column":25},"end":{"line":9,"column":44}},"4":{"start":{"line":13,"column":4},"end":{"line":13,"column":45}},"5":{"start":{"line":17,"column":4},"end":{"line":17,"column":27}},"6":{"start":{"line":21,"column":4},"end":{"line":21,"column":60}},"7":{"start":{"line":25,"column":4},"end":{"line":25,"column":38}},"8":{"start":{"line":4,"column":0},"end":{"line":4,"column":13}}},"fnMap":{"0":{"name":"(anonymous_0)","decl":{"start":{"line":8,"column":2},"end":{"line":8,"column":14}},"loc":{"start":{"line":8,"column":31},"end":{"line":10,"column":3}}},"1":{"name":"(anonymous_1)","decl":{"start":{"line":9,"column":20},"end":{"line":9,"column":21}},"loc":{"start":{"line":9,"column":25},"end":{"line":9,"column":44}}},"2":{"name":"(anonymous_2)","decl":{"start":{"line":12,"column":2},"end":{"line":12,"column":9}},"loc":{"start":{"line":12,"column":36},"end":{"line":14,"column":3}}},"3":{"name":"(anonymous_3)","decl":{"start":{"line":16,"column":2},"end":{"line":16,"column":12}},"loc":{"start":{"line":16,"column":12},"end":{"line":18,"column":3}}},"4":{"name":"(anonymous_4)","decl":{"start":{"line":20,"column":2},"end":{"line":20,"column":8}},"loc":{"start":{"line":20,"column":23},"end":{"line":22,"column":3}}},"5":{"name":"(anonymous_5)","decl":{"start":{"line":24,"column":2},"end":{"line":24,"column":9}},"loc":{"start":{"line":24,"column":24},"end":{"line":26,"column":3}}}},"branchMap":{"0":{"loc":{"start":{"line":21,"column":27},"end":{"line":21,"column":53}},"type":"binary-expr","locations":[{"start":{"line":21,"column":27},"end":{"line":21,"column":48}},{"start":{"line":21,"column":52},"end":{"line":21,"column":53}}]},"1":{"loc":{"start":{"line":25,"column":11},"end":{"line":25,"column":37}},"type":"binary-expr","locations":[{"start":{"line":25,"column":11},"end":{"line":25,"column":32}},{"start":{"line":25,"column":36},"end":{"line":25,"column":37}}]}},"s":{"0":10,"1":10,"2":10,"3":20,"4":2,"5":1,"6":3,"7":2,"8":4},"f":{"0":10,"1":20,"2":2,"3":1,"4":3,"5":2},"b":{"0":[3,2],"1":[2,0]}}
,"C:\\Users\\nahue\\Desktop\\pruebas-app\\src\\game\\Player.ts": {"path":"C:\\Users\\nahue\\Desktop\\pruebas-app\\src\\game\\Player.ts","statementMap":{"0":{"start":{"line":6,"column":2},"end":{"line":6,"column":20}},"1":{"start":{"line":10,"column":4},"end":{"line":10,"column":17}},"2":{"start":{"line":11,"column":4},"end":{"line":11,"column":21}},"3":{"start":{"line":15,"column":4},"end":{"line":15,"column":21}},"4":{"start":{"line":4,"column":0},"end":{"line":4,"column":13}}},"fnMap":{"0":{"name":"(anonymous_0)","decl":{"start":{"line":9,"column":2},"end":{"line":9,"column":14}},"loc":{"start":{"line":9,"column":36},"end":{"line":12,"column":3}}},"1":{"name":"(anonymous_1)","decl":{"start":{"line":14,"column":2},"end":{"line":14,"column":9}},"loc":{"start":{"line":14,"column":22},"end":{"line":16,"column":3}}}},"branchMap":{},"s":{"0":15,"1":15,"2":15,"3":9,"4":5},"f":{"0":15,"1":9},"b":{}}
,"C:\\Users\\nahue\\Desktop\\pruebas-app\\src\\game\\Team.ts": {"path":"C:\\Users\\nahue\\Desktop\\pruebas-app\\src\\game\\Team.ts","statementMap":{"0":{"start":{"line":5,"column":2},"end":{"line":5,"column":25}},"1":{"start":{"line":8,"column":4},"end":{"line":8,"column":17}},"2":{"start":{"line":12,"column":4},"end":{"line":12,"column":30}},"3":{"start":{"line":3,"column":0},"end":{"line":3,"column":13}}},"fnMap":{"0":{"name":"(anonymous_0)","decl":{"start":{"line":7,"column":2},"end":{"line":7,"column":14}},"loc":{"start":{"line":7,"column":24},"end":{"line":9,"column":3}}},"1":{"name":"(anonymous_1)","decl":{"start":{"line":11,"column":2},"end":{"line":11,"column":11}},"loc":{"start":{"line":11,"column":26},"end":{"line":13,"column":3}}}},"branchMap":{},"s":{"0":12,"1":12,"2":10,"3":5},"f":{"0":12,"1":10},"b":{}}
,"C:\\Users\\nahue\\Desktop\\pruebas-app\\src\\game\\TrucoState.ts": {"path":"C:\\Users\\nahue\\Desktop\\pruebas-app\\src\\game\\TrucoState.ts","statementMap":{"0":{"start":{"line":3,"column":0},"end":{"line":3,"column":null}},"1":{"start":{"line":4,"column":2},"end":{"line":4,"column":null}},"2":{"start":{"line":5,"column":2},"end":{"line":5,"column":null}},"3":{"start":{"line":6,"column":2},"end":{"line":6,"column":null}},"4":{"start":{"line":7,"column":2},"end":{"line":7,"column":null}},"5":{"start":{"line":10,"column":0},"end":{"line":10,"column":null}},"6":{"start":{"line":11,"column":2},"end":{"line":11,"column":null}},"7":{"start":{"line":12,"column":2},"end":{"line":12,"column":null}},"8":{"start":{"line":13,"column":2},"end":{"line":13,"column":null}},"9":{"start":{"line":14,"column":2},"end":{"line":14,"column":null}},"10":{"start":{"line":18,"column":2},"end":{"line":18,"column":47}},"11":{"start":{"line":19,"column":2},"end":{"line":19,"column":44}},"12":{"start":{"line":21,"column":2},"end":{"line":21,"column":25}},"13":{"start":{"line":24,"column":4},"end":{"line":24,"column":29}},"14":{"start":{"line":17,"column":0},"end":{"line":17,"column":13}}},"fnMap":{"0":{"name":"(anonymous_0)","decl":{"start":{"line":3,"column":0},"end":{"line":3,"column":12}},"loc":{"start":{"line":3,"column":23},"end":{"line":8,"column":1}}},"1":{"name":"(anonymous_1)","decl":{"start":{"line":10,"column":0},"end":{"line":10,"column":12}},"loc":{"start":{"line":10,"column":22},"end":{"line":15,"column":1}}},"2":{"name":"(anonymous_2)","decl":{"start":{"line":23,"column":2},"end":{"line":23,"column":14}},"loc":{"start":{"line":23,"column":24},"end":{"line":25,"column":3}}}},"branchMap":{"0":{"loc":{"start":{"line":3,"column":12},"end":{"line":3,"column":null}},"type":"binary-expr","locations":[{"start":{"line":3,"column":12},"end":{"line":3,"column":23}},{"start":{"line":3,"column":23},"end":{"line":3,"column":null}}]},"1":{"loc":{"start":{"line":10,"column":12},"end":{"line":10,"column":null}},"type":"binary-expr","locations":[{"start":{"line":10,"column":12},"end":{"line":10,"column":22}},{"start":{"line":10,"column":22},"end":{"line":10,"column":null}}]}},"s":{"0":3,"1":3,"2":3,"3":3,"4":3,"5":3,"6":3,"7":3,"8":3,"9":3,"10":10,"11":10,"12":10,"13":10,"14":3},"f":{"0":3,"1":3,"2":10},"b":{"0":[3,3],"1":[3,3]}}
}
