TN:
SF:src\game\Card.ts
FN:1,(anonymous_0)
FN:8,(anonymous_1)
FN:25,(anonymous_2)
FN:30,(anonymous_3)
FN:35,(anonymous_4)
FN:51,(anonymous_5)
FNF:6
FNH:6
FNDA:6,(anonymous_0)
FNDA:6,(anonymous_1)
FNDA:543,(anonymous_2)
FNDA:14,(anonymous_3)
FNDA:12,(anonymous_4)
FNDA:5,(anonymous_5)
DA:1,6
DA:2,6
DA:3,6
DA:4,6
DA:5,6
DA:8,6
DA:9,6
DA:10,6
DA:11,6
DA:12,6
DA:13,6
DA:14,6
DA:15,6
DA:16,6
DA:17,6
DA:18,6
DA:21,6
DA:26,543
DA:27,543
DA:31,14
DA:36,12
DA:37,11
DA:38,10
DA:39,9
DA:40,8
DA:41,7
DA:42,6
DA:43,5
DA:44,4
DA:45,3
DA:46,2
DA:47,1
DA:48,0
DA:52,5
DA:53,2
LF:35
LH:34
BRDA:1,0,0,6
BRDA:1,0,1,6
BRDA:8,1,0,6
BRDA:8,1,1,6
BRDA:36,2,0,1
BRDA:36,2,1,11
BRDA:36,3,0,12
BRDA:36,3,1,3
BRDA:37,4,0,1
BRDA:37,4,1,10
BRDA:37,5,0,11
BRDA:37,5,1,2
BRDA:38,6,0,1
BRDA:38,6,1,9
BRDA:38,7,0,10
BRDA:38,7,1,3
BRDA:39,8,0,1
BRDA:39,8,1,8
BRDA:39,9,0,9
BRDA:39,9,1,2
BRDA:40,10,0,1
BRDA:40,10,1,7
BRDA:41,11,0,1
BRDA:41,11,1,6
BRDA:42,12,0,1
BRDA:42,12,1,5
BRDA:42,13,0,6
BRDA:42,13,1,1
BRDA:42,13,2,0
BRDA:43,14,0,1
BRDA:43,14,1,4
BRDA:44,15,0,1
BRDA:44,15,1,3
BRDA:44,16,0,4
BRDA:44,16,1,1
BRDA:44,16,2,1
BRDA:45,17,0,1
BRDA:45,17,1,2
BRDA:46,18,0,1
BRDA:46,18,1,1
BRDA:47,19,0,1
BRDA:47,19,1,0
BRDA:52,20,0,3
BRDA:52,20,1,2
BRF:44
BRH:42
end_of_record
TN:
SF:src\game\Deck.ts
FN:6,(anonymous_0)
FN:10,(anonymous_1)
FN:23,(anonymous_2)
FN:30,(anonymous_3)
FNF:4
FNH:4
FNDA:8,(anonymous_0)
FNDA:13,(anonymous_1)
FNDA:10,(anonymous_2)
FNDA:7,(anonymous_3)
DA:1,3
DA:3,3
DA:4,8
DA:7,8
DA:11,13
DA:12,13
DA:15,13
DA:16,13
DA:17,52
DA:18,520
DA:24,10
DA:25,390
DA:26,390
DA:31,7
DA:32,1
DA:34,6
DA:35,6
DA:36,6
DA:37,14
DA:39,6
DA:40,6
LF:21
LH:21
BRDA:31,0,0,1
BRDA:31,0,1,6
BRF:2
BRH:2
end_of_record
TN:
SF:src\game\Game.ts
FN:13,(anonymous_0)
FN:18,(anonymous_1)
FNF:2
FNH:2
FNDA:4,(anonymous_0)
FNDA:8,(anonymous_1)
DA:6,2
DA:14,4
DA:15,4
DA:16,4
DA:17,4
DA:18,8
DA:19,4
LF:7
LH:7
BRF:0
BRH:0
end_of_record
TN:
SF:src\game\GameEngine.ts
FN:12,(anonymous_0)
FN:17,(anonymous_1)
FN:31,(anonymous_2)
FN:36,(anonymous_3)
FN:42,(anonymous_4)
FN:46,(anonymous_5)
FNF:6
FNH:6
FNDA:3,(anonymous_0)
FNDA:6,(anonymous_1)
FNDA:4,(anonymous_2)
FNDA:8,(anonymous_3)
FNDA:3,(anonymous_4)
FNDA:2,(anonymous_5)
DA:1,1
DA:2,1
DA:3,1
DA:4,1
DA:5,1
DA:6,1
DA:8,1
DA:10,3
DA:14,3
DA:15,3
DA:16,3
DA:17,3
DA:18,6
DA:19,6
DA:20,6
DA:21,6
DA:23,3
DA:24,3
DA:25,3
DA:26,3
DA:27,3
DA:28,3
DA:32,4
DA:33,4
DA:35,4
DA:36,8
DA:38,4
DA:39,4
DA:43,3
DA:47,2
LF:30
LH:30
BRDA:18,0,0,3
BRDA:18,0,1,3
BRF:2
BRH:2
end_of_record
TN:
SF:src\game\Hand.ts
FN:8,(anonymous_0)
FN:9,(anonymous_1)
FN:12,(anonymous_2)
FN:16,(anonymous_3)
FN:20,(anonymous_4)
FN:24,(anonymous_5)
FNF:6
FNH:6
FNDA:10,(anonymous_0)
FNDA:20,(anonymous_1)
FNDA:2,(anonymous_2)
FNDA:1,(anonymous_3)
FNDA:3,(anonymous_4)
FNDA:2,(anonymous_5)
DA:4,4
DA:5,10
DA:6,10
DA:9,20
DA:13,2
DA:17,1
DA:21,3
DA:25,2
LF:8
LH:8
BRDA:21,0,0,3
BRDA:21,0,1,2
BRDA:25,1,0,2
BRDA:25,1,1,0
BRF:4
BRH:3
end_of_record
TN:
SF:src\game\Player.ts
FN:9,(anonymous_0)
FN:14,(anonymous_1)
FNF:2
FNH:2
FNDA:15,(anonymous_0)
FNDA:9,(anonymous_1)
DA:4,5
DA:6,15
DA:10,15
DA:11,15
DA:15,9
LF:5
LH:5
BRF:0
BRH:0
end_of_record
TN:
SF:src\game\Team.ts
FN:7,(anonymous_0)
FN:11,(anonymous_1)
FNF:2
FNH:2
FNDA:12,(anonymous_0)
FNDA:10,(anonymous_1)
DA:3,5
DA:5,12
DA:8,12
DA:12,10
LF:4
LH:4
BRF:0
BRH:0
end_of_record
TN:
SF:src\game\TrucoState.ts
FN:3,(anonymous_0)
FN:10,(anonymous_1)
FN:23,(anonymous_2)
FNF:3
FNH:3
FNDA:3,(anonymous_0)
FNDA:3,(anonymous_1)
FNDA:10,(anonymous_2)
DA:3,3
DA:4,3
DA:5,3
DA:6,3
DA:7,3
DA:10,3
DA:11,3
DA:12,3
DA:13,3
DA:14,3
DA:17,3
DA:18,10
DA:19,10
DA:21,10
DA:24,10
LF:15
LH:15
BRDA:3,0,0,3
BRDA:3,0,1,3
BRDA:10,1,0,3
BRDA:10,1,1,3
BRF:4
BRH:4
end_of_record
